# JRE version: Java(TM) SE Runtime Environment (8.0_65-b17) (build 1.8.0_65-b17)
# Java VM: Java HotSpot(TM) 64-Bit Server VM (25.65-b01 mixed mode windows-amd64 compressed oops)
Heap:
 PSYoungGen      total 148992K, used 141328K [0x00000000f5580000, 0x00000000fff00000, 0x0000000100000000)
  eden space 137728K, 94% used [0x00000000f5580000,0x00000000fd4ee320,0x00000000fdc00000)
  from space 11264K, 96% used [0x00000000fdf00000,0x00000000fe995eb0,0x00000000fea00000)
  to   space 17920K, 0% used [0x00000000fed80000,0x00000000fed80000,0x00000000fff00000)
 ParOldGen       total 218112K, used 62586K [0x00000000e0000000, 0x00000000ed500000, 0x00000000f5580000)
  object space 218112K, 28% used [0x00000000e0000000,0x00000000e3d1e978,0x00000000ed500000)
 Metaspace       used 66860K, capacity 70848K, committed 71128K, reserved 1110016K
  class space    used 8895K, capacity 9635K, committed 9728K, reserved 1048576K
GC Heap History (10 events):
Event: 172.892 GC heap before
{Heap before GC invocations=100 (full 3):
 PSYoungGen      total 159232K, used 151937K [0x00000000f5580000, 0x00000000ffe00000, 0x0000000100000000)
  eden space 148992K, 100% used [0x00000000f5580000,0x00000000fe700000,0x00000000fe700000)
  from space 10240K, 28% used [0x00000000ff400000,0x00000000ff6e0490,0x00000000ffe00000)
  to   space 11776K, 0% used [0x00000000fe700000,0x00000000fe700000,0x00000000ff280000)
 ParOldGen       total 218112K, used 55380K [0x00000000e0000000, 0x00000000ed500000, 0x00000000f5580000)
  object space 218112K, 25% used [0x00000000e0000000,0x00000000e36152c8,0x00000000ed500000)
 Metaspace       used 64072K, capacity 67694K, committed 67928K, reserved 1107968K
  class space    used 8640K, capacity 9308K, committed 9344K, reserved 1048576K
Event: 172.908 GC heap after
Heap after GC invocations=100 (full 3):
 PSYoungGen      total 160768K, used 4953K [0x00000000f5580000, 0x0000000100000000, 0x0000000100000000)
  eden space 148992K, 0% used [0x00000000f5580000,0x00000000f5580000,0x00000000fe700000)
  from space 11776K, 42% used [0x00000000fe700000,0x00000000febd6530,0x00000000ff280000)
  to   space 11264K, 0% used [0x00000000ff500000,0x00000000ff500000,0x0000000100000000)
 ParOldGen       total 218112K, used 55388K [0x00000000e0000000, 0x00000000ed500000, 0x00000000f5580000)
  object space 218112K, 25% used [0x00000000e0000000,0x00000000e36172c8,0x00000000ed500000)
 Metaspace       used 64072K, capacity 67694K, committed 67928K, reserved 1107968K
  class space    used 8640K, capacity 9308K, committed 9344K, reserved 1048576K
}
Event: 193.342 GC heap before
{Heap before GC invocations=101 (full 3):
 PSYoungGen      total 160768K, used 153945K [0x00000000f5580000, 0x0000000100000000, 0x0000000100000000)
  eden space 148992K, 100% used [0x00000000f5580000,0x00000000fe700000,0x00000000fe700000)
  from space 11776K, 42% used [0x00000000fe700000,0x00000000febd6530,0x00000000ff280000)
  to   space 11264K, 0% used [0x00000000ff500000,0x00000000ff500000,0x0000000100000000)
 ParOldGen       total 218112K, used 55388K [0x00000000e0000000, 0x00000000ed500000, 0x00000000f5580000)
  object space 218112K, 25% used [0x00000000e0000000,0x00000000e36172c8,0x00000000ed500000)
 Metaspace       used 64797K, capacity 68480K, committed 68568K, reserved 1107968K
  class space    used 8724K, capacity 9419K, committed 9472K, reserved 1048576K
Event: 193.361 GC heap after
Heap after GC invocations=101 (full 3):
 PSYoungGen      total 162304K, used 6714K [0x00000000f5580000, 0x0000000100000000, 0x0000000100000000)
  eden space 151040K, 0% used [0x00000000f5580000,0x00000000f5580000,0x00000000fe900000)
  from space 11264K, 59% used [0x00000000ff500000,0x00000000ffb8e9d0,0x0000000100000000)
  to   space 11776K, 0% used [0x00000000fe900000,0x00000000fe900000,0x00000000ff480000)
 ParOldGen       total 218112K, used 55396K [0x00000000e0000000, 0x00000000ed500000, 0x00000000f5580000)
  object space 218112K, 25% used [0x00000000e0000000,0x00000000e36192c8,0x00000000ed500000)
 Metaspace       used 64797K, capacity 68480K, committed 68568K, reserved 1107968K
  class space    used 8724K, capacity 9419K, committed 9472K, reserved 1048576K
}
Event: 470.340 GC heap before
{Heap before GC invocations=102 (full 3):
 PSYoungGen      total 162304K, used 157754K [0x00000000f5580000, 0x0000000100000000, 0x0000000100000000)
  eden space 151040K, 100% used [0x00000000f5580000,0x00000000fe900000,0x00000000fe900000)
  from space 11264K, 59% used [0x00000000ff500000,0x00000000ffb8e9d0,0x0000000100000000)
  to   space 11776K, 0% used [0x00000000fe900000,0x00000000fe900000,0x00000000ff480000)
 ParOldGen       total 218112K, used 55396K [0x00000000e0000000, 0x00000000ed500000, 0x00000000f5580000)
  object space 218112K, 25% used [0x00000000e0000000,0x00000000e36192c8,0x00000000ed500000)
 Metaspace       used 65963K, capacity 69846K, committed 70104K, reserved 1110016K
  class space    used 8873K, capacity 9602K, committed 9728K, reserved 1048576K
Event: 470.359 GC heap after
Heap after GC invocations=102 (full 3):
 PSYoungGen      total 162816K, used 11765K [0x00000000f5580000, 0x0000000100000000, 0x0000000100000000)
  eden space 151040K, 0% used [0x00000000f5580000,0x00000000f5580000,0x00000000fe900000)
  from space 11776K, 99% used [0x00000000fe900000,0x00000000ff47d548,0x00000000ff480000)
  to   space 11776K, 0% used [0x00000000ff480000,0x00000000ff480000,0x0000000100000000)
 ParOldGen       total 218112K, used 56505K [0x00000000e0000000, 0x00000000ed500000, 0x00000000f5580000)
  object space 218112K, 25% used [0x00000000e0000000,0x00000000e372e6a0,0x00000000ed500000)
 Metaspace       used 65963K, capacity 69846K, committed 70104K, reserved 1110016K
  class space    used 8873K, capacity 9602K, committed 9728K, reserved 1048576K
}
Event: 483.184 GC heap before
{Heap before GC invocations=103 (full 3):
 PSYoungGen      total 162816K, used 162805K [0x00000000f5580000, 0x0000000100000000, 0x0000000100000000)
  eden space 151040K, 100% used [0x00000000f5580000,0x00000000fe900000,0x00000000fe900000)
  from space 11776K, 99% used [0x00000000fe900000,0x00000000ff47d548,0x00000000ff480000)
  to   space 11776K, 0% used [0x00000000ff480000,0x00000000ff480000,0x0000000100000000)
 ParOldGen       total 218112K, used 56505K [0x00000000e0000000, 0x00000000ed500000, 0x00000000f5580000)
  object space 218112K, 25% used [0x00000000e0000000,0x00000000e372e6a0,0x00000000ed500000)
 Metaspace       used 66170K, capacity 70054K, committed 70360K, reserved 1110016K
  class space    used 8873K, capacity 9602K, committed 9728K, reserved 1048576K
Event: 483.202 GC heap after
Heap after GC invocations=103 (full 3):
 PSYoungGen      total 152576K, used 11747K [0x00000000f5580000, 0x0000000100000000, 0x0000000100000000)
  eden space 140800K, 0% used [0x00000000f5580000,0x00000000f5580000,0x00000000fdf00000)
  from space 11776K, 99% used [0x00000000ff480000,0x00000000ffff8d40,0x0000000100000000)
  to   space 16896K, 0% used [0x00000000fdf00000,0x00000000fdf00000,0x00000000fef80000)
 ParOldGen       total 218112K, used 59422K [0x00000000e0000000, 0x00000000ed500000, 0x00000000f5580000)
  object space 218112K, 27% used [0x00000000e0000000,0x00000000e3a07928,0x00000000ed500000)
 Metaspace       used 66170K, capacity 70054K, committed 70360K, reserved 1110016K
  class space    used 8873K, capacity 9602K, committed 9728K, reserved 1048576K
}
Event: 517.824 GC heap before
{Heap before GC invocations=104 (full 3):
 PSYoungGen      total 152576K, used 152547K [0x00000000f5580000, 0x0000000100000000, 0x0000000100000000)
  eden space 140800K, 100% used [0x00000000f5580000,0x00000000fdf00000,0x00000000fdf00000)
  from space 11776K, 99% used [0x00000000ff480000,0x00000000ffff8d40,0x0000000100000000)
  to   space 16896K, 0% used [0x00000000fdf00000,0x00000000fdf00000,0x00000000fef80000)
 ParOldGen       total 218112K, used 59422K [0x00000000e0000000, 0x00000000ed500000, 0x00000000f5580000)
  object space 218112K, 27% used [0x00000000e0000000,0x00000000e3a07928,0x00000000ed500000)
 Metaspace       used 66428K, capacity 70332K, committed 70616K, reserved 1110016K
  class space    used 8875K, capacity 9605K, committed 9728K, reserved 1048576K
Event: 517.858 GC heap after
Heap after GC invocations=104 (full 3):
 PSYoungGen      total 148992K, used 10839K [0x00000000f5580000, 0x00000000fff00000, 0x0000000100000000)
  eden space 137728K, 0% used [0x00000000f5580000,0x00000000f5580000,0x00000000fdc00000)
  from space 11264K, 96% used [0x00000000fdf00000,0x00000000fe995eb0,0x00000000fea00000)
  to   space 17920K, 0% used [0x00000000fed80000,0x00000000fed80000,0x00000000fff00000)
 ParOldGen       total 218112K, used 62586K [0x00000000e0000000, 0x00000000ed500000, 0x00000000f5580000)
  object space 218112K, 28% used [0x00000000e0000000,0x00000000e3d1e978,0x00000000ed500000)
 Metaspace       used 66428K, capacity 70332K, committed 70616K, reserved 1110016K
  class space    used 8875K, capacity 9605K, committed 9728K, reserved 1048576K
}

